TN:
SF:src/EternalStorageProxy.sol
FN:29,EternalStorageProxy.transferOwnership
FNDA:3,EternalStorageProxy.transferOwnership
DA:30,2
BRDA:30,0,0,1
BRDA:30,0,1,1
DA:32,1
FN:38,EternalStorageProxy.implementation
FNDA:1,EternalStorageProxy.implementation
DA:39,94
FN:46,EternalStorageProxy.upgradeDelegate
FNDA:4,EternalStorageProxy.upgradeDelegate
DA:47,3
BRDA:47,1,0,1
BRDA:47,1,1,2
DA:49,2
FNF:3
FNH:3
LF:5
LH:5
BRF:4
BRH:4
end_of_record
TN:
SF:src/OmniToken.sol
FN:10,OmniToken.mint
FNDA:0,OmniToken.mint
DA:11,0
FNF:1
FNH:0
LF:1
LH:0
BRF:0
BRH:0
end_of_record
TN:
SF:src/Proxy.sol
FN:19,Proxy.
FNDA:93,Proxy.
DA:20,93
FNF:1
FNH:1
LF:1
LH:1
BRF:0
BRH:0
end_of_record
TN:
SF:src/VaultV1.sol
FN:22,VaultV1.initialize
FNDA:1,VaultV1.initialize
DA:23,1
BRDA:23,0,0,1
BRDA:23,0,1,-
DA:25,0
DA:26,0
DA:28,0
DA:29,0
DA:30,0
DA:33,0
DA:35,0
DA:36,0
DA:38,0
FN:59,VaultV1.updateRewardsIssuancePerYear
FNDA:14,VaultV1.updateRewardsIssuancePerYear
DA:60,13
FN:68,VaultV1.deposit
FNDA:35,VaultV1.deposit
DA:69,35
BRDA:69,1,0,1
BRDA:69,1,1,34
DA:72,34
DA:80,34
BRDA:80,2,0,-
BRDA:80,2,1,34
DA:83,34
DA:86,34
DA:87,34
BRDA:87,3,0,9
BRDA:87,3,1,25
DA:88,9
DA:90,25
BRDA:90,4,0,6
BRDA:90,4,1,19
DA:91,6
DA:93,19
BRDA:93,5,0,4
BRDA:93,5,1,19
DA:94,4
DA:97,34
DA:100,34
DA:101,34
DA:102,34
DA:103,34
DA:104,34
DA:105,34
DA:106,34
DA:107,34
DA:108,34
DA:109,34
DA:110,34
DA:113,34
BRDA:113,6,0,19
BRDA:113,6,1,34
DA:114,19
DA:118,34
DA:119,34
DA:121,34
DA:123,34
DA:124,34
DA:125,62
DA:126,62
DA:127,62
DA:128,62
DA:129,62
DA:132,34
DA:133,34
DA:134,62
DA:135,62
DA:138,34
FN:145,VaultV1.withdrawDeposit
FNDA:4,VaultV1.withdrawDeposit
DA:147,3
DA:151,3
DA:152,3
BRDA:152,7,0,1
BRDA:152,7,1,2
DA:155,2
BRDA:155,8,0,1
BRDA:155,8,1,1
DA:158,1
DA:165,1
BRDA:165,9,0,-
BRDA:165,9,1,1
DA:166,1
DA:174,1
BRDA:174,10,0,-
BRDA:174,10,1,1
DA:177,1
DA:180,1
DA:183,1
DA:184,1
DA:186,1
FN:193,VaultV1.claimRewards
FNDA:39,VaultV1.claimRewards
DA:195,39
DA:199,39
DA:200,39
BRDA:200,11,0,1
BRDA:200,11,1,38
DA:203,38
BRDA:203,12,0,36
BRDA:203,12,1,38
DA:204,36
DA:208,38
DA:209,38
BRDA:209,13,0,3
BRDA:209,13,1,35
DA:212,35
DA:214,35
DA:217,35
DA:218,35
DA:219,35
DA:221,35
FN:232,VaultV1.insertDepositByFinishAt
FNDA:23,VaultV1.insertDepositByFinishAt
DA:233,23
DA:236,23
BRDA:236,14,0,-
BRDA:236,14,1,23
DA:237,0
DA:240,23
BRDA:240,15,0,6
BRDA:240,15,1,17
DA:241,6
DA:244,17
BRDA:244,16,0,13
BRDA:244,16,1,4
DA:245,13
DA:249,4
DA:250,4
BRDA:250,17,0,3
BRDA:250,17,1,-
DA:251,3
DA:252,3
DA:255,1
DA:256,1
FN:266,VaultV1.insertDepositAtIndex
FNDA:19,VaultV1.insertDepositAtIndex
DA:268,19
DA:269,10
DA:272,10
DA:274,19
DA:275,19
FN:281,VaultV1.computeAllDepositPendingRewards
FNDA:35,VaultV1.computeAllDepositPendingRewards
DA:282,35
DA:283,29
BRDA:283,18,0,29
BRDA:283,18,1,29
DA:284,29
FN:293,VaultV1.computePendingRewardsByDeposit
FNDA:65,VaultV1.computePendingRewardsByDeposit
DA:294,65
DA:295,65
DA:297,65
DA:298,65
DA:300,65
DA:301,65
DA:302,65
DA:303,65
DA:304,65
DA:306,65
DA:309,144
DA:310,144
BRDA:310,19,0,29
BRDA:310,19,1,115
DA:312,29
DA:316,115
DA:317,115
DA:318,115
DA:319,115
DA:320,115
DA:323,115
BRDA:323,20,0,2
BRDA:323,20,1,113
DA:325,2
DA:328,113
DA:329,113
DA:332,113
BRDA:332,21,0,27
BRDA:332,21,1,49
DA:334,49
DA:335,49
DA:336,49
DA:339,49
DA:340,49
DA:343,49
BRDA:343,22,0,27
BRDA:343,22,1,49
DA:344,27
DA:345,27
DA:346,27
DA:350,64
DA:352,64
BRDA:352,23,0,51
BRDA:352,23,1,64
DA:353,51
DA:354,51
DA:355,51
DA:357,51
DA:361,113
DA:362,113
DA:363,113
DA:364,113
DA:365,113
DA:371,65
BRDA:371,24,0,33
BRDA:371,24,1,65
DA:372,33
FN:379,VaultV1.getSecondsPerYear
FNDA:100,VaultV1.getSecondsPerYear
DA:380,100
FNF:10
FNH:10
LF:144
LH:134
BRF:50
BRH:44
end_of_record
TN:
SF:src/VaultV2.sol
FN:28,VaultV2.initialize
FNDA:0,VaultV2.initialize
DA:29,0
BRDA:29,0,0,-
BRDA:29,0,1,-
DA:31,0
DA:32,0
DA:34,0
DA:35,0
DA:36,0
DA:39,0
DA:41,0
DA:42,0
DA:44,0
FN:65,VaultV2.updateRewardsIssuancePerYear
FNDA:0,VaultV2.updateRewardsIssuancePerYear
DA:66,0
FN:74,VaultV2.deposit
FNDA:0,VaultV2.deposit
DA:75,0
BRDA:75,1,0,-
BRDA:75,1,1,-
DA:78,0
DA:86,0
BRDA:86,2,0,-
BRDA:86,2,1,-
DA:89,0
DA:92,0
DA:93,0
BRDA:93,3,0,-
BRDA:93,3,1,-
DA:94,0
DA:96,0
BRDA:96,4,0,-
BRDA:96,4,1,-
DA:97,0
DA:99,0
BRDA:99,5,0,-
BRDA:99,5,1,-
DA:100,0
DA:103,0
DA:106,0
DA:107,0
DA:108,0
DA:109,0
DA:110,0
DA:111,0
DA:112,0
DA:113,0
DA:114,0
DA:115,0
DA:116,0
DA:118,0
BRDA:118,6,0,-
BRDA:118,6,1,-
DA:119,0
DA:123,0
DA:124,0
DA:126,0
DA:128,0
DA:129,0
DA:130,0
DA:131,0
DA:132,0
DA:133,0
DA:134,0
DA:137,0
DA:138,0
DA:139,0
DA:140,0
DA:143,0
FN:150,VaultV2.withdrawDeposit
FNDA:0,VaultV2.withdrawDeposit
DA:152,0
DA:156,0
DA:157,0
BRDA:157,7,0,-
BRDA:157,7,1,-
DA:160,0
BRDA:160,8,0,-
BRDA:160,8,1,-
DA:163,0
DA:170,0
BRDA:170,9,0,-
BRDA:170,9,1,-
DA:171,0
DA:179,0
BRDA:179,10,0,-
BRDA:179,10,1,-
DA:182,0
DA:185,0
DA:188,0
DA:189,0
DA:191,0
FN:198,VaultV2.claimRewards
FNDA:0,VaultV2.claimRewards
DA:200,0
DA:204,0
DA:205,0
BRDA:205,11,0,-
BRDA:205,11,1,-
DA:208,0
BRDA:208,12,0,-
BRDA:208,12,1,-
DA:209,0
DA:213,0
DA:214,0
BRDA:214,13,0,-
BRDA:214,13,1,-
DA:217,0
DA:219,0
DA:222,0
DA:223,0
DA:224,0
DA:226,0
FN:236,VaultV2.insertDepositByFinishAt
FNDA:0,VaultV2.insertDepositByFinishAt
DA:238,0
BRDA:238,14,0,-
BRDA:238,14,1,-
DA:239,0
DA:241,0
BRDA:241,15,0,-
BRDA:241,15,1,-
DA:242,0
DA:244,0
BRDA:244,16,0,-
BRDA:244,16,1,-
DA:245,0
DA:249,0
DA:250,0
BRDA:250,17,0,-
BRDA:250,17,1,-
DA:251,0
DA:252,0
DA:255,0
DA:256,0
FN:266,VaultV2.insertDepositAtIndex
FNDA:0,VaultV2.insertDepositAtIndex
DA:268,0
DA:269,0
DA:270,0
DA:272,0
DA:273,0
FN:279,VaultV2.computeAllDepositPendingRewards
FNDA:0,VaultV2.computeAllDepositPendingRewards
DA:280,0
DA:281,0
BRDA:281,18,0,-
BRDA:281,18,1,-
DA:282,0
FN:291,VaultV2.computePendingRewardsByDeposit
FNDA:0,VaultV2.computePendingRewardsByDeposit
DA:292,0
DA:293,0
DA:295,0
DA:296,0
DA:298,0
DA:299,0
DA:300,0
DA:301,0
DA:302,0
DA:304,0
DA:305,0
DA:306,0
DA:309,0
DA:310,0
BRDA:310,19,0,-
BRDA:310,19,1,-
DA:312,0
DA:316,0
DA:317,0
DA:318,0
DA:319,0
DA:320,0
DA:323,0
BRDA:323,20,0,-
BRDA:323,20,1,-
DA:325,0
DA:328,0
DA:329,0
DA:332,0
BRDA:332,21,0,-
BRDA:332,21,1,-
DA:334,0
DA:335,0
DA:336,0
DA:339,0
DA:340,0
DA:343,0
BRDA:343,22,0,-
BRDA:343,22,1,-
DA:344,0
DA:345,0
DA:346,0
DA:350,0
DA:351,0
BRDA:351,23,0,-
BRDA:351,23,1,-
DA:352,0
DA:353,0
DA:354,0
DA:356,0
DA:360,0
DA:361,0
DA:362,0
DA:363,0
DA:364,0
DA:370,0
BRDA:370,24,0,-
BRDA:370,24,1,-
DA:371,0
FN:378,VaultV2.getSecondsPerYear
FNDA:0,VaultV2.getSecondsPerYear
DA:379,0
FNF:10
FNH:0
LF:145
LH:0
BRF:50
BRH:0
end_of_record
TN:
SF:src/WETH9.sol
FN:41,WETH9.deposit
FNDA:0,WETH9.deposit
DA:42,0
DA:43,0
FN:46,WETH9.withdraw
FNDA:0,WETH9.withdraw
DA:47,0
BRDA:47,0,0,-
BRDA:47,0,1,-
DA:48,0
DA:49,0
DA:50,0
FN:53,WETH9.totalSupply
FNDA:0,WETH9.totalSupply
DA:54,0
FN:57,WETH9.approve
FNDA:0,WETH9.approve
DA:58,0
DA:59,0
DA:60,0
FN:63,WETH9.transfer
FNDA:0,WETH9.transfer
DA:64,0
FN:67,WETH9.transferFrom
FNDA:0,WETH9.transferFrom
DA:71,0
BRDA:71,1,0,-
BRDA:71,1,1,-
DA:73,0
BRDA:73,2,0,-
BRDA:73,2,1,-
DA:74,0
BRDA:74,3,0,-
BRDA:74,3,1,-
DA:75,0
DA:78,0
DA:79,0
DA:81,0
DA:83,0
FNF:6
FNH:0
LF:19
LH:0
BRF:8
BRH:0
end_of_record
TN:
SF:test/VaultV2.t.sol
FN:8,VaultV2Test.setUp
FNDA:0,VaultV2Test.setUp
DA:9,0
FNF:1
FNH:0
LF:1
LH:0
BRF:0
BRH:0
end_of_record
TN:
SF:test/utils/VaultFixture.sol
FN:62,VaultFixture.setUp
FNDA:0,VaultFixture.setUp
DA:64,0
DA:65,0
DA:66,0
DA:67,0
DA:68,0
DA:71,0
DA:74,0
DA:75,0
DA:76,0
DA:77,0
DA:79,0
DA:82,0
DA:85,0
DA:88,0
DA:94,0
DA:95,0
DA:98,0
DA:99,0
DA:101,0
DA:102,0
DA:107,0
DA:114,0
DA:115,0
DA:116,0
DA:119,0
DA:120,0
DA:131,0
BRDA:131,0,0,-
BRDA:131,0,1,-
DA:134,0
DA:135,0
DA:138,0
DA:139,0
DA:140,0
DA:145,0
DA:147,0
DA:148,0
DA:149,0
DA:150,0
DA:154,0
DA:155,0
DA:166,0
BRDA:166,1,0,-
BRDA:166,1,1,-
DA:168,0
DA:169,0
DA:170,0
DA:172,0
DA:173,0
DA:184,0
BRDA:184,2,0,-
BRDA:184,2,1,-
DA:186,0
DA:187,0
DA:188,0
DA:190,0
DA:191,0
DA:202,0
BRDA:202,3,0,-
BRDA:202,3,1,-
DA:204,0
DA:205,0
DA:206,0
DA:208,0
DA:209,0
DA:220,0
BRDA:220,4,0,-
BRDA:220,4,1,-
DA:222,0
DA:223,0
DA:224,0
DA:227,0
DA:235,0
DA:237,0
FNF:1
FNH:0
LF:64
LH:0
BRF:10
BRH:0
end_of_record
TN:
SF:test/utils/VaultV2Fixture.sol
FN:65,VaultV2Fixture.setUp
FNDA:0,VaultV2Fixture.setUp
DA:67,0
DA:68,0
DA:69,0
DA:70,0
DA:71,0
DA:74,0
DA:77,0
DA:78,0
DA:79,0
DA:80,0
DA:82,0
DA:85,0
DA:86,0
DA:89,0
DA:90,0
DA:93,0
DA:94,0
DA:98,0
DA:100,0
DA:103,0
DA:104,0
DA:107,0
DA:109,0
DA:110,0
DA:111,0
DA:141,0
DA:148,0
DA:149,0
DA:150,0
DA:153,0
DA:154,0
DA:165,0
BRDA:165,0,0,-
BRDA:165,0,1,-
DA:168,0
DA:169,0
DA:172,0
DA:173,0
DA:174,0
DA:177,0
DA:179,0
DA:180,0
DA:184,0
DA:185,0
DA:196,0
BRDA:196,1,0,-
BRDA:196,1,1,-
DA:198,0
DA:199,0
DA:200,0
DA:202,0
DA:203,0
DA:214,0
BRDA:214,2,0,-
BRDA:214,2,1,-
DA:216,0
DA:217,0
DA:218,0
DA:221,0
DA:229,0
DA:232,0
DA:233,0
DA:244,0
BRDA:244,3,0,-
BRDA:244,3,1,-
DA:247,0
DA:248,0
DA:251,0
DA:252,0
DA:253,0
DA:256,0
DA:258,0
DA:259,0
DA:261,0
DA:262,0
DA:273,0
BRDA:273,4,0,-
BRDA:273,4,1,-
DA:275,0
DA:276,0
DA:277,0
DA:279,0
DA:280,0
DA:291,0
BRDA:291,5,0,-
BRDA:291,5,1,-
DA:293,0
DA:294,0
DA:295,0
DA:298,0
DA:306,0
DA:308,0
FNF:1
FNH:0
LF:80
LH:0
BRF:12
BRH:0
end_of_record
