TN:
SF:src/EternalStorageProxy.sol
FN:29,EternalStorageProxy.transferOwnership
FNDA:3,EternalStorageProxy.transferOwnership
DA:30,2
BRDA:30,0,0,1
BRDA:30,0,1,1
DA:32,1
FN:38,EternalStorageProxy.implementation
FNDA:1,EternalStorageProxy.implementation
DA:39,48
FN:46,EternalStorageProxy.upgradeDelegate
FNDA:4,EternalStorageProxy.upgradeDelegate
DA:47,3
BRDA:47,1,0,1
BRDA:47,1,1,2
DA:49,2
FNF:3
FNH:3
LF:5
LH:5
BRF:4
BRH:4
end_of_record
TN:
SF:src/OmniToken.sol
FN:12,OmniToken.mint
FNDA:0,OmniToken.mint
DA:13,0
FNF:1
FNH:0
LF:1
LH:0
BRF:0
BRH:0
end_of_record
TN:
SF:src/Proxy.sol
FN:19,Proxy.
FNDA:47,Proxy.
DA:20,47
FNF:1
FNH:1
LF:1
LH:1
BRF:0
BRH:0
end_of_record
TN:
SF:src/Vault.sol
FN:23,Vault.initialize
FNDA:0,Vault.initialize
DA:24,0
BRDA:24,0,0,-
BRDA:24,0,1,-
DA:26,0
DA:27,0
DA:29,0
DA:30,0
DA:34,0
DA:37,0
DA:39,0
FN:60,Vault.updateRewardsIssuancePerYear
FNDA:0,Vault.updateRewardsIssuancePerYear
DA:61,0
FN:69,Vault.deposit
FNDA:0,Vault.deposit
DA:70,0
BRDA:70,1,0,-
BRDA:70,1,1,-
DA:75,0
DA:83,0
BRDA:83,2,0,-
BRDA:83,2,1,-
DA:86,0
DA:89,0
DA:90,0
BRDA:90,3,0,-
BRDA:90,3,1,-
DA:91,0
DA:93,0
BRDA:93,4,0,-
BRDA:93,4,1,-
DA:94,0
DA:96,0
BRDA:96,5,0,-
BRDA:96,5,1,-
DA:97,0
DA:101,0
DA:102,0
DA:103,0
DA:104,0
DA:105,0
DA:106,0
DA:107,0
DA:108,0
DA:109,0
DA:110,0
DA:116,0
DA:117,0
DA:119,0
DA:120,0
DA:121,0
DA:122,0
DA:124,0
DA:125,0
DA:126,0
DA:129,0
DA:131,0
DA:132,0
DA:133,0
DA:134,0
DA:135,0
DA:137,0
DA:138,0
DA:141,0
BRDA:141,6,0,-
BRDA:141,6,1,-
DA:143,0
BRDA:143,7,0,-
BRDA:143,7,1,-
DA:144,0
DA:145,0
DA:146,0
DA:147,0
DA:150,0
BRDA:150,8,0,-
BRDA:150,8,1,-
DA:151,0
DA:152,0
DA:156,0
BRDA:156,9,0,-
BRDA:156,9,1,-
DA:157,0
DA:158,0
BRDA:158,10,0,-
BRDA:158,10,1,-
DA:159,0
DA:160,0
DA:161,0
DA:165,0
DA:168,0
DA:169,0
DA:170,0
DA:171,0
DA:172,0
DA:173,0
DA:174,0
DA:176,0
DA:177,0
DA:180,0
DA:181,0
DA:185,0
DA:189,0
DA:190,0
DA:191,0
DA:195,0
DA:196,0
DA:201,0
BRDA:201,11,0,-
BRDA:201,11,1,-
DA:202,0
DA:203,0
DA:204,0
DA:205,0
DA:206,0
DA:207,0
DA:211,0
DA:212,0
DA:216,0
BRDA:216,12,0,-
BRDA:216,12,1,-
DA:217,0
DA:220,0
BRDA:220,13,0,-
BRDA:220,13,1,-
DA:222,0
BRDA:222,14,0,-
BRDA:222,14,1,-
DA:228,0
DA:231,0
DA:232,0
DA:233,0
DA:234,0
DA:235,0
DA:236,0
DA:239,0
DA:243,0
DA:244,0
DA:245,0
DA:246,0
DA:247,0
DA:248,0
DA:249,0
DA:251,0
DA:253,0
DA:258,0
DA:262,0
DA:263,0
DA:267,0
DA:268,0
DA:269,0
DA:270,0
DA:274,0
DA:275,0
DA:276,0
DA:277,0
DA:278,0
DA:279,0
DA:280,0
DA:282,0
DA:284,0
DA:288,0
DA:289,0
DA:292,0
BRDA:292,15,0,-
BRDA:292,15,1,-
DA:293,0
DA:294,0
DA:295,0
DA:296,0
DA:297,0
DA:298,0
DA:302,0
DA:303,0
DA:310,0
DA:312,0
BRDA:312,16,0,-
BRDA:312,16,1,-
DA:313,0
DA:314,0
DA:315,0
DA:316,0
DA:317,0
DA:318,0
DA:324,0
BRDA:324,17,0,-
BRDA:324,17,1,-
DA:325,0
DA:326,0
DA:327,0
DA:328,0
DA:329,0
DA:330,0
DA:332,0
DA:334,0
DA:335,0
DA:336,0
DA:337,0
DA:338,0
DA:339,0
DA:340,0
DA:341,0
DA:344,0
DA:345,0
DA:346,0
DA:347,0
DA:348,0
DA:352,0
DA:354,0
FN:361,Vault.withdrawDeposit
FNDA:0,Vault.withdrawDeposit
DA:364,0
DA:365,0
BRDA:365,18,0,-
BRDA:365,18,1,-
DA:368,0
BRDA:368,19,0,-
BRDA:368,19,1,-
DA:370,0
DA:375,0
DA:383,0
BRDA:383,20,0,-
BRDA:383,20,1,-
DA:386,0
DA:389,0
DA:391,0
FN:398,Vault.claimRewards
FNDA:0,Vault.claimRewards
DA:401,0
DA:402,0
BRDA:402,21,0,-
BRDA:402,21,1,-
DA:405,0
BRDA:405,22,0,-
BRDA:405,22,1,-
DA:406,0
DA:410,0
DA:411,0
BRDA:411,23,0,-
BRDA:411,23,1,-
DA:414,0
BRDA:414,24,0,-
BRDA:414,24,1,-
DA:417,0
DA:419,0
DA:422,0
DA:423,0
DA:424,0
DA:426,0
FN:434,Vault.computeAllDepositPendingRewards
FNDA:0,Vault.computeAllDepositPendingRewards
DA:435,0
DA:436,0
DA:437,0
BRDA:437,25,0,-
BRDA:437,25,1,-
DA:438,0
FN:447,Vault.computePendingRewardsByDeposit
FNDA:0,Vault.computePendingRewardsByDeposit
DA:449,0
DA:450,0
DA:451,0
DA:452,0
DA:453,0
DA:454,0
DA:455,0
BRDA:455,26,0,-
BRDA:455,26,1,-
DA:456,0
DA:458,0
DA:459,0
DA:460,0
DA:461,0
DA:463,0
DA:464,0
DA:468,0
DA:469,0
DA:470,0
DA:471,0
DA:472,0
DA:473,0
DA:474,0
DA:475,0
DA:476,0
DA:481,0
DA:482,0
DA:483,0
DA:485,0
DA:486,0
DA:489,0
BRDA:489,27,0,-
BRDA:489,27,1,-
DA:490,0
DA:497,0
DA:498,0
BRDA:498,28,0,-
BRDA:498,28,1,-
DA:499,0
DA:504,0
BRDA:504,29,0,-
BRDA:504,29,1,-
DA:505,0
FN:512,Vault.getSecondsPerYear
FNDA:0,Vault.getSecondsPerYear
DA:513,0
FN:520,Vault.getRewardsPerSecond
FNDA:0,Vault.getRewardsPerSecond
DA:521,0
FNF:9
FNH:0
LF:231
LH:0
BRF:60
BRH:0
end_of_record
TN:
SF:src/VaultV1.sol
FN:22,VaultV1.initialize
FNDA:1,VaultV1.initialize
DA:23,1
BRDA:23,0,0,1
BRDA:23,0,1,-
DA:25,0
DA:26,0
DA:28,0
DA:29,0
DA:32,0
DA:34,0
DA:35,0
DA:37,0
FN:58,VaultV1.updateRewardsIssuancePerYear
FNDA:8,VaultV1.updateRewardsIssuancePerYear
DA:59,7
FN:67,VaultV1.deposit
FNDA:17,VaultV1.deposit
DA:68,17
BRDA:68,1,0,1
BRDA:68,1,1,16
DA:71,16
DA:79,16
BRDA:79,2,0,-
BRDA:79,2,1,16
DA:82,16
DA:85,16
DA:86,16
BRDA:86,3,0,3
BRDA:86,3,1,13
DA:87,3
DA:89,13
BRDA:89,4,0,2
BRDA:89,4,1,11
DA:90,2
DA:92,11
BRDA:92,5,0,1
BRDA:92,5,1,11
DA:93,1
DA:97,16
DA:98,16
DA:99,16
DA:100,16
DA:101,16
DA:102,16
DA:103,16
DA:104,16
DA:105,16
DA:106,16
DA:107,16
DA:109,16
BRDA:109,6,0,7
BRDA:109,6,1,16
DA:110,7
DA:114,16
DA:115,16
DA:117,16
DA:119,16
DA:120,16
DA:121,24
DA:122,24
DA:123,24
DA:124,24
DA:125,24
DA:128,16
FN:135,VaultV1.withdrawDeposit
FNDA:4,VaultV1.withdrawDeposit
DA:138,3
DA:139,3
BRDA:139,7,0,1
BRDA:139,7,1,2
DA:142,2
BRDA:142,8,0,1
BRDA:142,8,1,1
DA:145,1
DA:152,1
BRDA:152,9,0,-
BRDA:152,9,1,1
DA:153,1
DA:161,1
BRDA:161,10,0,-
BRDA:161,10,1,1
DA:164,1
DA:167,1
DA:170,1
DA:171,1
DA:173,1
FN:180,VaultV1.claimRewards
FNDA:17,VaultV1.claimRewards
DA:183,17
DA:184,17
BRDA:184,11,0,1
BRDA:184,11,1,16
DA:187,16
BRDA:187,12,0,16
BRDA:187,12,1,16
DA:188,16
DA:192,16
DA:193,16
BRDA:193,13,0,2
BRDA:193,13,1,14
DA:196,14
DA:198,14
DA:201,14
DA:202,14
DA:203,14
DA:205,14
FN:215,VaultV1.insertDepositByFinishAt
FNDA:8,VaultV1.insertDepositByFinishAt
DA:217,8
DA:218,8
BRDA:218,14,0,-
BRDA:218,14,1,8
DA:219,0
DA:220,0
DA:222,8
BRDA:222,15,0,1
BRDA:222,15,1,7
DA:223,1
DA:224,1
DA:226,7
BRDA:226,16,0,6
BRDA:226,16,1,1
DA:227,6
DA:228,6
DA:232,1
DA:233,1
BRDA:233,17,0,1
BRDA:233,17,1,-
DA:234,1
DA:235,1
DA:238,0
DA:239,0
FN:249,VaultV1.insertDepositAtIndex
FNDA:7,VaultV1.insertDepositAtIndex
DA:251,7
DA:252,7
DA:253,2
DA:254,2
DA:256,7
FN:262,VaultV1.computeAllDepositPendingRewards
FNDA:17,VaultV1.computeAllDepositPendingRewards
DA:263,17
DA:264,9
DA:265,9
BRDA:265,18,0,9
BRDA:265,18,1,9
DA:266,9
FN:275,VaultV1.computePendingRewardsByDeposit
FNDA:25,VaultV1.computePendingRewardsByDeposit
DA:276,25
DA:277,25
DA:279,25
DA:280,25
DA:281,25
DA:282,25
DA:283,25
DA:285,25
DA:286,25
DA:287,25
DA:288,25
DA:289,25
DA:291,25
DA:292,25
DA:293,43
DA:296,43
DA:297,43
BRDA:297,19,0,9
BRDA:297,19,1,34
DA:298,9
DA:302,34
DA:303,34
DA:304,34
DA:305,34
DA:306,34
DA:309,34
BRDA:309,20,0,-
BRDA:309,20,1,34
DA:310,0
DA:313,34
DA:316,34
DA:318,34
BRDA:318,21,0,8
BRDA:318,21,1,10
DA:320,10
DA:321,10
DA:322,10
DA:325,10
DA:326,10
DA:329,10
BRDA:329,22,0,8
BRDA:329,22,1,10
DA:330,8
DA:331,8
DA:332,8
DA:336,24
DA:337,24
BRDA:337,23,0,22
BRDA:337,23,1,24
DA:338,22
DA:339,22
DA:340,22
DA:342,22
DA:346,34
DA:347,34
DA:348,34
DA:349,34
DA:355,25
BRDA:355,24,0,15
BRDA:355,24,1,25
DA:356,15
FN:363,VaultV1.getSecondsPerYear
FNDA:32,VaultV1.getSecondsPerYear
DA:364,32
FNF:10
FNH:10
LF:144
LH:131
BRF:50
BRH:43
end_of_record
TN:
SF:src/WETH9.sol
FN:41,WETH9.deposit
FNDA:0,WETH9.deposit
DA:42,0
DA:43,0
FN:46,WETH9.withdraw
FNDA:0,WETH9.withdraw
DA:47,0
BRDA:47,0,0,-
BRDA:47,0,1,-
DA:48,0
DA:49,0
DA:50,0
FN:53,WETH9.totalSupply
FNDA:0,WETH9.totalSupply
DA:54,0
FN:57,WETH9.approve
FNDA:0,WETH9.approve
DA:58,0
DA:59,0
DA:60,0
FN:63,WETH9.transfer
FNDA:0,WETH9.transfer
DA:64,0
FN:67,WETH9.transferFrom
FNDA:0,WETH9.transferFrom
DA:71,0
BRDA:71,1,0,-
BRDA:71,1,1,-
DA:73,0
BRDA:73,2,0,-
BRDA:73,2,1,-
DA:74,0
BRDA:74,3,0,-
BRDA:74,3,1,-
DA:75,0
DA:78,0
DA:79,0
DA:81,0
DA:83,0
FNF:6
FNH:0
LF:19
LH:0
BRF:8
BRH:0
end_of_record
TN:
SF:test/utils/VaultFixture.sol
FN:67,VaultFixture.setUp
FNDA:0,VaultFixture.setUp
DA:69,0
DA:70,0
DA:71,0
DA:72,0
DA:73,0
DA:76,0
DA:79,0
DA:80,0
DA:81,0
DA:82,0
DA:84,0
DA:88,0
DA:91,0
DA:94,0
DA:97,0
DA:98,0
DA:99,0
DA:104,0
DA:111,0
DA:112,0
DA:113,0
DA:116,0
DA:117,0
DA:128,0
BRDA:128,0,0,-
BRDA:128,0,1,-
DA:131,0
DA:132,0
DA:135,0
DA:136,0
DA:137,0
DA:142,0
DA:144,0
DA:145,0
DA:146,0
DA:147,0
DA:151,0
DA:152,0
DA:163,0
BRDA:163,1,0,-
BRDA:163,1,1,-
DA:165,0
DA:166,0
DA:167,0
DA:169,0
DA:170,0
DA:181,0
BRDA:181,2,0,-
BRDA:181,2,1,-
DA:183,0
DA:184,0
DA:185,0
DA:187,0
DA:188,0
DA:199,0
BRDA:199,3,0,-
BRDA:199,3,1,-
DA:201,0
DA:202,0
DA:203,0
DA:205,0
DA:206,0
DA:217,0
BRDA:217,4,0,-
BRDA:217,4,1,-
DA:219,0
DA:220,0
DA:221,0
DA:224,0
DA:232,0
DA:234,0
FNF:1
FNH:0
LF:61
LH:0
BRF:10
BRH:0
end_of_record
